<?xml version="1.0" encoding="UTF-8"?>
<testsuite xmlns:xsi="http://www.w3.org/2001/XMLSchema-instance" xsi:noNamespaceSchemaLocation="https://maven.apache.org/surefire/maven-surefire-plugin/xsd/surefire-test-report-3.0.xsd" version="3.0" name="com.example.calculator.AppTest" time="0.039" tests="1" errors="0" skipped="0" failures="0">
  <properties>
    <property name="java.specification.version" value="24"/>
    <property name="sun.jnu.encoding" value="UTF-8"/>
    <property name="java.class.path" value="/Users/samuelmachado/Projects/calculator/rest/target/test-classes:/Users/samuelmachado/Projects/calculator/rest/target/classes:/Users/samuelmachado/.m2/repository/org/springframework/boot/spring-boot-starter-web/3.1.3/spring-boot-starter-web-3.1.3.jar:/Users/samuelmachado/.m2/repository/org/springframework/boot/spring-boot-starter/3.1.3/spring-boot-starter-3.1.3.jar:/Users/samuelmachado/.m2/repository/org/springframework/boot/spring-boot/3.1.3/spring-boot-3.1.3.jar:/Users/samuelmachado/.m2/repository/org/springframework/boot/spring-boot-autoconfigure/3.1.3/spring-boot-autoconfigure-3.1.3.jar:/Users/samuelmachado/.m2/repository/org/springframework/boot/spring-boot-starter-logging/3.1.3/spring-boot-starter-logging-3.1.3.jar:/Users/samuelmachado/.m2/repository/ch/qos/logback/logback-classic/1.4.11/logback-classic-1.4.11.jar:/Users/samuelmachado/.m2/repository/ch/qos/logback/logback-core/1.4.11/logback-core-1.4.11.jar:/Users/samuelmachado/.m2/repository/org/apache/logging/log4j/log4j-to-slf4j/2.20.0/log4j-to-slf4j-2.20.0.jar:/Users/samuelmachado/.m2/repository/org/apache/logging/log4j/log4j-api/2.20.0/log4j-api-2.20.0.jar:/Users/samuelmachado/.m2/repository/org/slf4j/jul-to-slf4j/2.0.7/jul-to-slf4j-2.0.7.jar:/Users/samuelmachado/.m2/repository/jakarta/annotation/jakarta.annotation-api/2.1.1/jakarta.annotation-api-2.1.1.jar:/Users/samuelmachado/.m2/repository/org/springframework/spring-core/6.0.11/spring-core-6.0.11.jar:/Users/samuelmachado/.m2/repository/org/springframework/spring-jcl/6.0.11/spring-jcl-6.0.11.jar:/Users/samuelmachado/.m2/repository/org/yaml/snakeyaml/1.33/snakeyaml-1.33.jar:/Users/samuelmachado/.m2/repository/org/springframework/boot/spring-boot-starter-json/3.1.3/spring-boot-starter-json-3.1.3.jar:/Users/samuelmachado/.m2/repository/com/fasterxml/jackson/core/jackson-databind/2.15.2/jackson-databind-2.15.2.jar:/Users/samuelmachado/.m2/repository/com/fasterxml/jackson/core/jackson-annotations/2.15.2/jackson-annotations-2.15.2.jar:/Users/samuelmachado/.m2/repository/com/fasterxml/jackson/core/jackson-core/2.15.2/jackson-core-2.15.2.jar:/Users/samuelmachado/.m2/repository/com/fasterxml/jackson/datatype/jackson-datatype-jdk8/2.15.2/jackson-datatype-jdk8-2.15.2.jar:/Users/samuelmachado/.m2/repository/com/fasterxml/jackson/datatype/jackson-datatype-jsr310/2.15.2/jackson-datatype-jsr310-2.15.2.jar:/Users/samuelmachado/.m2/repository/com/fasterxml/jackson/module/jackson-module-parameter-names/2.15.2/jackson-module-parameter-names-2.15.2.jar:/Users/samuelmachado/.m2/repository/org/springframework/boot/spring-boot-starter-tomcat/3.1.3/spring-boot-starter-tomcat-3.1.3.jar:/Users/samuelmachado/.m2/repository/org/apache/tomcat/embed/tomcat-embed-core/10.1.12/tomcat-embed-core-10.1.12.jar:/Users/samuelmachado/.m2/repository/org/apache/tomcat/embed/tomcat-embed-el/10.1.12/tomcat-embed-el-10.1.12.jar:/Users/samuelmachado/.m2/repository/org/apache/tomcat/embed/tomcat-embed-websocket/10.1.12/tomcat-embed-websocket-10.1.12.jar:/Users/samuelmachado/.m2/repository/org/springframework/spring-web/6.0.11/spring-web-6.0.11.jar:/Users/samuelmachado/.m2/repository/org/springframework/spring-beans/6.0.11/spring-beans-6.0.11.jar:/Users/samuelmachado/.m2/repository/org/springframework/spring-webmvc/6.0.11/spring-webmvc-6.0.11.jar:/Users/samuelmachado/.m2/repository/org/springframework/spring-aop/6.0.11/spring-aop-6.0.11.jar:/Users/samuelmachado/.m2/repository/org/springframework/spring-expression/6.0.11/spring-expression-6.0.11.jar:/Users/samuelmachado/.m2/repository/org/springframework/kafka/spring-kafka/3.0.10/spring-kafka-3.0.10.jar:/Users/samuelmachado/.m2/repository/org/springframework/spring-context/6.0.11/spring-context-6.0.11.jar:/Users/samuelmachado/.m2/repository/org/springframework/spring-messaging/6.0.11/spring-messaging-6.0.11.jar:/Users/samuelmachado/.m2/repository/org/springframework/spring-tx/6.0.11/spring-tx-6.0.11.jar:/Users/samuelmachado/.m2/repository/org/springframework/retry/spring-retry/2.0.2/spring-retry-2.0.2.jar:/Users/samuelmachado/.m2/repository/org/apache/kafka/kafka-clients/3.4.1/kafka-clients-3.4.1.jar:/Users/samuelmachado/.m2/repository/com/github/luben/zstd-jni/1.5.2-1/zstd-jni-1.5.2-1.jar:/Users/samuelmachado/.m2/repository/org/lz4/lz4-java/1.8.0/lz4-java-1.8.0.jar:/Users/samuelmachado/.m2/repository/org/xerial/snappy/snappy-java/1.1.8.4/snappy-java-1.1.8.4.jar:/Users/samuelmachado/.m2/repository/org/slf4j/slf4j-api/2.0.7/slf4j-api-2.0.7.jar:/Users/samuelmachado/.m2/repository/io/micrometer/micrometer-observation/1.11.3/micrometer-observation-1.11.3.jar:/Users/samuelmachado/.m2/repository/io/micrometer/micrometer-commons/1.11.3/micrometer-commons-1.11.3.jar:/Users/samuelmachado/.m2/repository/com/google/code/findbugs/jsr305/3.0.2/jsr305-3.0.2.jar:/Users/samuelmachado/.m2/repository/junit/junit/3.8.1/junit-3.8.1.jar:"/>
    <property name="java.vm.vendor" value="Homebrew"/>
    <property name="sun.arch.data.model" value="64"/>
    <property name="java.vendor.url" value="https://github.com/Homebrew/homebrew-core/issues"/>
    <property name="os.name" value="Mac OS X"/>
    <property name="java.vm.specification.version" value="24"/>
    <property name="sun.java.launcher" value="SUN_STANDARD"/>
    <property name="user.country" value="PT"/>
    <property name="sun.boot.library.path" value="/usr/local/Cellar/openjdk/24.0.1/libexec/openjdk.jdk/Contents/Home/lib"/>
    <property name="sun.java.command" value="/Users/samuelmachado/Projects/calculator/rest/target/surefire/surefirebooter-20250627113915822_6.jar /Users/samuelmachado/Projects/calculator/rest/target/surefire 2025-06-27T11-39-14_031-jvmRun1 surefire-20250627113915822_4tmp surefire_1-20250627113915822_5tmp"/>
    <property name="http.nonProxyHosts" value="local|*.local|169.254/16|*.169.254/16"/>
    <property name="jdk.debug" value="release"/>
    <property name="surefire.test.class.path" value="/Users/samuelmachado/Projects/calculator/rest/target/test-classes:/Users/samuelmachado/Projects/calculator/rest/target/classes:/Users/samuelmachado/.m2/repository/org/springframework/boot/spring-boot-starter-web/3.1.3/spring-boot-starter-web-3.1.3.jar:/Users/samuelmachado/.m2/repository/org/springframework/boot/spring-boot-starter/3.1.3/spring-boot-starter-3.1.3.jar:/Users/samuelmachado/.m2/repository/org/springframework/boot/spring-boot/3.1.3/spring-boot-3.1.3.jar:/Users/samuelmachado/.m2/repository/org/springframework/boot/spring-boot-autoconfigure/3.1.3/spring-boot-autoconfigure-3.1.3.jar:/Users/samuelmachado/.m2/repository/org/springframework/boot/spring-boot-starter-logging/3.1.3/spring-boot-starter-logging-3.1.3.jar:/Users/samuelmachado/.m2/repository/ch/qos/logback/logback-classic/1.4.11/logback-classic-1.4.11.jar:/Users/samuelmachado/.m2/repository/ch/qos/logback/logback-core/1.4.11/logback-core-1.4.11.jar:/Users/samuelmachado/.m2/repository/org/apache/logging/log4j/log4j-to-slf4j/2.20.0/log4j-to-slf4j-2.20.0.jar:/Users/samuelmachado/.m2/repository/org/apache/logging/log4j/log4j-api/2.20.0/log4j-api-2.20.0.jar:/Users/samuelmachado/.m2/repository/org/slf4j/jul-to-slf4j/2.0.7/jul-to-slf4j-2.0.7.jar:/Users/samuelmachado/.m2/repository/jakarta/annotation/jakarta.annotation-api/2.1.1/jakarta.annotation-api-2.1.1.jar:/Users/samuelmachado/.m2/repository/org/springframework/spring-core/6.0.11/spring-core-6.0.11.jar:/Users/samuelmachado/.m2/repository/org/springframework/spring-jcl/6.0.11/spring-jcl-6.0.11.jar:/Users/samuelmachado/.m2/repository/org/yaml/snakeyaml/1.33/snakeyaml-1.33.jar:/Users/samuelmachado/.m2/repository/org/springframework/boot/spring-boot-starter-json/3.1.3/spring-boot-starter-json-3.1.3.jar:/Users/samuelmachado/.m2/repository/com/fasterxml/jackson/core/jackson-databind/2.15.2/jackson-databind-2.15.2.jar:/Users/samuelmachado/.m2/repository/com/fasterxml/jackson/core/jackson-annotations/2.15.2/jackson-annotations-2.15.2.jar:/Users/samuelmachado/.m2/repository/com/fasterxml/jackson/core/jackson-core/2.15.2/jackson-core-2.15.2.jar:/Users/samuelmachado/.m2/repository/com/fasterxml/jackson/datatype/jackson-datatype-jdk8/2.15.2/jackson-datatype-jdk8-2.15.2.jar:/Users/samuelmachado/.m2/repository/com/fasterxml/jackson/datatype/jackson-datatype-jsr310/2.15.2/jackson-datatype-jsr310-2.15.2.jar:/Users/samuelmachado/.m2/repository/com/fasterxml/jackson/module/jackson-module-parameter-names/2.15.2/jackson-module-parameter-names-2.15.2.jar:/Users/samuelmachado/.m2/repository/org/springframework/boot/spring-boot-starter-tomcat/3.1.3/spring-boot-starter-tomcat-3.1.3.jar:/Users/samuelmachado/.m2/repository/org/apache/tomcat/embed/tomcat-embed-core/10.1.12/tomcat-embed-core-10.1.12.jar:/Users/samuelmachado/.m2/repository/org/apache/tomcat/embed/tomcat-embed-el/10.1.12/tomcat-embed-el-10.1.12.jar:/Users/samuelmachado/.m2/repository/org/apache/tomcat/embed/tomcat-embed-websocket/10.1.12/tomcat-embed-websocket-10.1.12.jar:/Users/samuelmachado/.m2/repository/org/springframework/spring-web/6.0.11/spring-web-6.0.11.jar:/Users/samuelmachado/.m2/repository/org/springframework/spring-beans/6.0.11/spring-beans-6.0.11.jar:/Users/samuelmachado/.m2/repository/org/springframework/spring-webmvc/6.0.11/spring-webmvc-6.0.11.jar:/Users/samuelmachado/.m2/repository/org/springframework/spring-aop/6.0.11/spring-aop-6.0.11.jar:/Users/samuelmachado/.m2/repository/org/springframework/spring-expression/6.0.11/spring-expression-6.0.11.jar:/Users/samuelmachado/.m2/repository/org/springframework/kafka/spring-kafka/3.0.10/spring-kafka-3.0.10.jar:/Users/samuelmachado/.m2/repository/org/springframework/spring-context/6.0.11/spring-context-6.0.11.jar:/Users/samuelmachado/.m2/repository/org/springframework/spring-messaging/6.0.11/spring-messaging-6.0.11.jar:/Users/samuelmachado/.m2/repository/org/springframework/spring-tx/6.0.11/spring-tx-6.0.11.jar:/Users/samuelmachado/.m2/repository/org/springframework/retry/spring-retry/2.0.2/spring-retry-2.0.2.jar:/Users/samuelmachado/.m2/repository/org/apache/kafka/kafka-clients/3.4.1/kafka-clients-3.4.1.jar:/Users/samuelmachado/.m2/repository/com/github/luben/zstd-jni/1.5.2-1/zstd-jni-1.5.2-1.jar:/Users/samuelmachado/.m2/repository/org/lz4/lz4-java/1.8.0/lz4-java-1.8.0.jar:/Users/samuelmachado/.m2/repository/org/xerial/snappy/snappy-java/1.1.8.4/snappy-java-1.1.8.4.jar:/Users/samuelmachado/.m2/repository/org/slf4j/slf4j-api/2.0.7/slf4j-api-2.0.7.jar:/Users/samuelmachado/.m2/repository/io/micrometer/micrometer-observation/1.11.3/micrometer-observation-1.11.3.jar:/Users/samuelmachado/.m2/repository/io/micrometer/micrometer-commons/1.11.3/micrometer-commons-1.11.3.jar:/Users/samuelmachado/.m2/repository/com/google/code/findbugs/jsr305/3.0.2/jsr305-3.0.2.jar:/Users/samuelmachado/.m2/repository/junit/junit/3.8.1/junit-3.8.1.jar:"/>
    <property name="sun.cpu.endian" value="little"/>
    <property name="user.home" value="/Users/samuelmachado"/>
    <property name="user.language" value="pt"/>
    <property name="java.specification.vendor" value="Oracle Corporation"/>
    <property name="java.version.date" value="2025-04-15"/>
    <property name="java.home" value="/usr/local/Cellar/openjdk/24.0.1/libexec/openjdk.jdk/Contents/Home"/>
    <property name="file.separator" value="/"/>
    <property name="basedir" value="/Users/samuelmachado/Projects/calculator/rest"/>
    <property name="java.vm.compressedOopsMode" value="Zero based"/>
    <property name="line.separator" value="&#10;"/>
    <property name="java.vm.specification.vendor" value="Oracle Corporation"/>
    <property name="java.specification.name" value="Java Platform API Specification"/>
    <property name="apple.awt.application.name" value="ForkedBooter"/>
    <property name="surefire.real.class.path" value="/Users/samuelmachado/Projects/calculator/rest/target/surefire/surefirebooter-20250627113915822_6.jar"/>
    <property name="sun.management.compiler" value="HotSpot 64-Bit Tiered Compilers"/>
    <property name="ftp.nonProxyHosts" value="local|*.local|169.254/16|*.169.254/16"/>
    <property name="java.runtime.version" value="24.0.1"/>
    <property name="user.name" value="samuelmachado"/>
    <property name="stdout.encoding" value="UTF-8"/>
    <property name="path.separator" value=":"/>
    <property name="os.version" value="13.2.1"/>
    <property name="java.runtime.name" value="OpenJDK Runtime Environment"/>
    <property name="file.encoding" value="UTF-8"/>
    <property name="java.vm.name" value="OpenJDK 64-Bit Server VM"/>
    <property name="java.vendor.version" value="Homebrew"/>
    <property name="localRepository" value="/Users/samuelmachado/.m2/repository"/>
    <property name="java.vendor.url.bug" value="https://github.com/Homebrew/homebrew-core/issues"/>
    <property name="java.io.tmpdir" value="/var/folders/k5/n68xcv413cx4kswylv19bmxm0000gn/T/"/>
    <property name="java.version" value="24.0.1"/>
    <property name="user.dir" value="/Users/samuelmachado/Projects/calculator/rest"/>
    <property name="os.arch" value="x86_64"/>
    <property name="java.vm.specification.name" value="Java Virtual Machine Specification"/>
    <property name="native.encoding" value="UTF-8"/>
    <property name="java.library.path" value="/Users/samuelmachado/Library/Java/Extensions:/Library/Java/Extensions:/Network/Library/Java/Extensions:/System/Library/Java/Extensions:/usr/lib/java:."/>
    <property name="java.vm.info" value="mixed mode, sharing"/>
    <property name="stderr.encoding" value="UTF-8"/>
    <property name="java.vendor" value="Homebrew"/>
    <property name="java.vm.version" value="24.0.1"/>
    <property name="sun.io.unicode.encoding" value="UnicodeBig"/>
    <property name="socksNonProxyHosts" value="local|*.local|169.254/16|*.169.254/16"/>
    <property name="java.class.version" value="68.0"/>
  </properties>
  <testcase name="testApp" classname="com.example.calculator.AppTest" time="0.003"/>
</testsuite>